<?xml version='1.0' encoding='UTF-8'?>
<testsuite hostname="oper1191" name="com.lightbend.training.scalatrain.TimeSpec" tests="7" errors="0" failures="0" skipped="0" time="0.09" timestamp="2020-10-27T12:52:22">
                     <properties>
      <property name="jline.esc.timeout" value="0"/><property name="java.runtime.name" value="Java(TM) SE Runtime Environment"/><property name="sun.boot.library.path" value="C:\Program Files\Java\jdk1.8.0_221\jre\bin"/><property name="java.vm.version" value="25.221-b11"/><property name="user.country.format" value="RU"/><property name="java.vm.vendor" value="Oracle Corporation"/><property name="java.vendor.url" value="http://java.oracle.com/"/><property name="path.separator" value=";"/><property name="jna.loaded" value="true"/><property name="java.vm.name" value="Java HotSpot(TM) 64-Bit Server VM"/><property name="file.encoding.pkg" value="sun.io"/><property name="user.country" value="US"/><property name="user.script" value=""/><property name="sun.java.launcher" value="SUN_STANDARD"/><property name="sun.os.patch.level" value=""/><property name="jna.nosys" value="true"/><property name="java.vm.specification.name" value="Java Virtual Machine Specification"/><property name="user.dir" value="C:\ScalaProjects\LSL-P-lightbend-scala-language-professional\exercises"/><property name="java.runtime.version" value="1.8.0_221-b11"/><property name="java.awt.graphicsenv" value="sun.awt.Win32GraphicsEnvironment"/><property name="java.endorsed.dirs" value="C:\Program Files\Java\jdk1.8.0_221\jre\lib\endorsed"/><property name="os.arch" value="amd64"/><property name="java.io.tmpdir" value="C:\Users\kamilai\AppData\Local\Temp\"/><property name="line.separator" value="
"/><property name="java.vm.specification.vendor" value="Oracle Corporation"/><property name="log4j.ignoreTCL" value="true"/><property name="user.variant" value=""/><property name="os.name" value="Windows 10"/><property name="sun.jnu.encoding" value="Cp1252"/><property name="jnidispatch.path" value="C:\Users\kamilai\AppData\Local\Temp\jna-724225698\jna9102928002495354383.dll"/><property name="java.library.path" value="C:\Program Files\Java\jdk1.8.0_221\bin;C:\Windows\Sun\Java\bin;C:\Windows\system32;C:\Windows;C:\Program Files\Java\jdk1.8.0_221\bin;C:\app\emilioen\product\12.2.0\client_1;C:\ODT\product\11.2.0\client_1;C:\ODT\product\11.2.0\client_1\bin;C:\Program Files (x86)\AsanDoc client\;C:\Windows\system32;C:\Windows;C:\Windows\System32\Wbem;C:\Windows\System32\WindowsPowerShell\v1.0\;C:\Windows\System32\OpenSSH\;C:\Program Files\Aladdin\eToken\PKIClient\x32;C:\Program Files\Aladdin\eToken\PKIClient\x64;C:\Program Files\Java\jdk1.8.0_221\bin;C:\Program Files\Java\jdk1.8.0_221\bin;C:\ODT\product\11.2.0\client_1\bin;C:\Program Files (x86)\sbt\bin;C:\Users\kamilai\AppData\Local\Microsoft\WindowsApps;C:\Users\kamilai\AppData\Local\Programs\Git\cmd;."/><property name="java.specification.name" value="Java Platform API Specification"/><property name="java.class.version" value="52.0"/><property name="sun.management.compiler" value="HotSpot 64-Bit Tiered Compilers"/><property name="os.version" value="10.0"/><property name="swoval.tmpdir" value="C:\Users\kamilai\.sbt\1.0"/><property name="user.home" value="C:\Users\kamilai"/><property name="user.timezone" value="Asia/Baku"/><property name="java.awt.printerjob" value="sun.awt.windows.WPrinterJob"/><property name="file.encoding" value="UTF-8"/><property name="java.specification.version" value="1.8"/><property name="java.class.path" value="C:\Program Files (x86)\sbt\\bin\sbt-launch.jar"/><property name="user.name" value="KamilaI"/><property name="jline.shutdownhook" value="false"/><property name="java.vm.specification.version" value="1.8"/><property name="sun.java.command" value="xsbt.boot.Boot"/><property name="java.home" value="C:\Program Files\Java\jdk1.8.0_221\jre"/><property name="sun.arch.data.model" value="64"/><property name="user.language" value="en"/><property name="java.specification.vendor" value="Oracle Corporation"/><property name="user.language.format" value="ru"/><property name="awt.toolkit" value="sun.awt.windows.WToolkit"/><property name="java.vm.info" value="mixed mode"/><property name="java.version" value="1.8.0_221"/><property name="java.ext.dirs" value="C:\Program Files\Java\jdk1.8.0_221\jre\lib\ext;C:\Windows\Sun\Java\lib\ext"/><property name="sun.boot.class.path" value="C:\Program Files\Java\jdk1.8.0_221\jre\lib\resources.jar;C:\Program Files\Java\jdk1.8.0_221\jre\lib\rt.jar;C:\Program Files\Java\jdk1.8.0_221\jre\lib\sunrsasign.jar;C:\Program Files\Java\jdk1.8.0_221\jre\lib\jsse.jar;C:\Program Files\Java\jdk1.8.0_221\jre\lib\jce.jar;C:\Program Files\Java\jdk1.8.0_221\jre\lib\charsets.jar;C:\Program Files\Java\jdk1.8.0_221\jre\lib\jfr.jar;C:\Program Files\Java\jdk1.8.0_221\jre\classes"/><property name="java.vendor" value="Oracle Corporation"/><property name="sun.stderr.encoding" value="cp437"/><property name="file.separator" value="\"/><property name="java.vendor.url.bug" value="http://bugreport.sun.com/bugreport/"/><property name="sun.io.unicode.encoding" value="UnicodeLittle"/><property name="sun.cpu.endian" value="little"/><property name="sun.stdout.encoding" value="cp437"/><property name="sun.desktop" value="windows"/><property name="sun.cpu.isalist" value="amd64"/>
    </properties>
                     <testcase classname="com.lightbend.training.scalatrain.TimeSpec" name="Creating a Time should throw an IllegalArgumentException for hours not within 0 and 23" time="0.068">
                                                 
                                               </testcase><testcase classname="com.lightbend.training.scalatrain.TimeSpec" name="Creating a Time should throw an IllegalArgumentException for minutes not within 0 and 59" time="0.001">
                                                 
                                               </testcase><testcase classname="com.lightbend.training.scalatrain.TimeSpec" name="The default arguments for hours and minutes should be equal to 0" time="0.015">
                                                 
                                               </testcase><testcase classname="com.lightbend.training.scalatrain.TimeSpec" name="asMinutes should be initialized correctly" time="0.001">
                                                 
                                               </testcase><testcase classname="com.lightbend.training.scalatrain.TimeSpec" name="Calling minus or - should return the correct difference in minutes" time="0.001">
                                                 
                                               </testcase><testcase classname="com.lightbend.training.scalatrain.TimeSpec" name="Calling toString should return a properly formatted string representation" time="0.003">
                                                 
                                               </testcase><testcase classname="com.lightbend.training.scalatrain.TimeSpec" name="Calling Ordered operators should work as expected" time="0.001">
                                                 
                                               </testcase>
                     <system-out><![CDATA[]]></system-out>
                     <system-err><![CDATA[]]></system-err>
                   </testsuite>